<?xml version="1.0" encoding="utf-8"?><testsuites name="pytest tests"><testsuite name="pytest" errors="0" failures="0" skipped="0" tests="11" time="2.167" timestamp="2026-03-31T16:20:02.490894+00:00" hostname="agent-env-999f90a0-3eb8-45fc-b5e1-cbbf8be7d0a6"><testcase classname="backend.tests.test_weather_crop_prices.TestWeatherForecastAPI" name="test_weather_forecast_delhi" time="0.408" /><testcase classname="backend.tests.test_weather_crop_prices.TestWeatherForecastAPI" name="test_weather_forecast_mumbai" time="0.187" /><testcase classname="backend.tests.test_weather_crop_prices.TestWeatherForecastAPI" name="test_weather_forecast_no_params" time="0.111" /><testcase classname="backend.tests.test_weather_crop_prices.TestWeatherForecastAPI" name="test_weather_forecast_with_coordinates" time="0.166" /><testcase classname="backend.tests.test_weather_crop_prices.TestWeatherForecastAPI" name="test_weather_forecast_invalid_city" time="0.238" /><testcase classname="backend.tests.test_weather_crop_prices.TestCropPricesAPI" name="test_crop_prices_returns_12_crops" time="0.158" /><testcase classname="backend.tests.test_weather_crop_prices.TestCropPricesAPI" name="test_crop_prices_structure" time="0.191" /><testcase classname="backend.tests.test_weather_crop_prices.TestCropPricesAPI" name="test_crop_prices_has_disclaimers" time="0.125" /><testcase classname="backend.tests.test_weather_crop_prices.TestCropPricesAPI" name="test_crop_prices_has_gainers_and_losers" time="0.117" /><testcase classname="backend.tests.test_weather_crop_prices.TestCropPricesAPI" name="test_crop_prices_expected_crops" time="0.144" /><testcase classname="backend.tests.test_weather_crop_prices.TestHealthEndpoint" name="test_health_check" time="0.121" /></testsuite></testsuites>