<?xml version="1.0" encoding="utf-8"?><testsuites name="pytest tests"><testsuite name="pytest" errors="0" failures="0" skipped="0" tests="12" time="49.746" timestamp="2026-03-31T19:41:58.914967+00:00" hostname="agent-env-999f90a0-3eb8-45fc-b5e1-cbbf8be7d0a6"><testcase classname="backend.tests.test_ai_service.TestHealthCheck" name="test_health_endpoint" time="0.179" /><testcase classname="backend.tests.test_ai_service.TestCropRecommendation" name="test_crop_recommendation_realtime" time="7.386" /><testcase classname="backend.tests.test_ai_service.TestCropRecommendation" name="test_crop_recommendation_with_location" time="11.780" /><testcase classname="backend.tests.test_ai_service.TestCropRecommendation" name="test_crop_recommendation_sandy_rainy" time="8.661" /><testcase classname="backend.tests.test_ai_service.TestCropRecommendation" name="test_crop_missing_soil_validation" time="0.158" /><testcase classname="backend.tests.test_ai_service.TestCropRecommendation" name="test_crop_missing_season_validation" time="0.132" /><testcase classname="backend.tests.test_ai_service.TestDiseaseDetection" name="test_disease_detection_realtime" time="16.003" /><testcase classname="backend.tests.test_ai_service.TestDiseaseDetection" name="test_disease_detection_different_symptoms" time="4.622" /><testcase classname="backend.tests.test_ai_service.TestDiseaseDetection" name="test_disease_missing_symptoms_validation" time="0.113" /><testcase classname="backend.tests.test_ai_service.TestDiseaseDetection" name="test_disease_short_symptoms_validation" time="0.143" /><testcase classname="backend.tests.test_ai_service.TestInvalidRequests" name="test_invalid_type" time="0.165" /><testcase classname="backend.tests.test_ai_service.TestInvalidRequests" name="test_missing_type" time="0.185" /></testsuite></testsuites>