<?xml version="1.0" encoding="utf-8"?><testsuites name="pytest tests"><testsuite name="pytest" errors="0" failures="0" skipped="0" tests="13" time="2.552" timestamp="2026-03-31T14:22:41.779086+00:00" hostname="agent-env-999f90a0-3eb8-45fc-b5e1-cbbf8be7d0a6"><testcase classname="backend.tests.test_smart_farming_api.TestHealthCheck" name="test_health_endpoint" time="0.136" /><testcase classname="backend.tests.test_smart_farming_api.TestAuthEndpoints" name="test_register_new_user" time="0.300" /><testcase classname="backend.tests.test_smart_farming_api.TestAuthEndpoints" name="test_register_missing_fields" time="0.141" /><testcase classname="backend.tests.test_smart_farming_api.TestAuthEndpoints" name="test_login_admin_user" time="0.199" /><testcase classname="backend.tests.test_smart_farming_api.TestAuthEndpoints" name="test_login_invalid_credentials" time="0.302" /><testcase classname="backend.tests.test_smart_farming_api.TestAuthEndpoints" name="test_login_missing_fields" time="0.097" /><testcase classname="backend.tests.test_smart_farming_api.TestAIEndpoints" name="test_crop_recommendation" time="0.395" /><testcase classname="backend.tests.test_smart_farming_api.TestAIEndpoints" name="test_disease_detection" time="0.142" /><testcase classname="backend.tests.test_smart_farming_api.TestAIEndpoints" name="test_crop_with_weather" time="0.244" /><testcase classname="backend.tests.test_smart_farming_api.TestAIEndpoints" name="test_invalid_request_type" time="0.108" /><testcase classname="backend.tests.test_smart_farming_api.TestAIEndpoints" name="test_image_analysis_no_file" time="0.151" /><testcase classname="backend.tests.test_smart_farming_api.TestCORSAndCookies" name="test_cors_headers" time="0.070" /><testcase classname="backend.tests.test_smart_farming_api.TestCORSAndCookies" name="test_login_sets_httponly_cookies" time="0.177" /></testsuite></testsuites>